# JRE version: OpenJDK Runtime Environment Microsoft-8035246 (17.0.8+7) (build 17.0.8+7-LTS)
# Java VM: OpenJDK 64-Bit Server VM Microsoft-8035246 (17.0.8+7-LTS, mixed mode, sharing, tiered, compressed oops, compressed class ptrs, g1 gc, windows-amd64)
GC Precious Log:
 CPUs: 12 total, 12 available
 Memory: 16334M
 Large Page Support: Disabled
 NUMA Support: Disabled
 Compressed Oops: Enabled (32-bit)
 Heap Region Size: 1M
 Heap Min Capacity: 8M
 Heap Initial Capacity: 256M
 Heap Max Capacity: 2G
 Pre-touch: Disabled
 Parallel Workers: 10
 Concurrent Workers: 3
 Concurrent Refinement Workers: 10
 Periodic GC: Disabled
Heap:
 garbage-first heap   total 245760K, used 123085K [0x0000000080000000, 0x0000000100000000)
  region size 1024K, 11 young (11264K), 1 survivors (1024K)
 Metaspace       used 91444K, committed 92288K, reserved 557056K
  class space    used 12634K, committed 13056K, reserved 425984K
GC Heap History (20 events):
Event: 9.688 GC heap before
{Heap before GC invocations=33 (full 0):
 garbage-first heap   total 140288K, used 74194K [0x0000000080000000, 0x0000000100000000)
  region size 1024K, 6 young (6144K), 3 survivors (3072K)
 Metaspace       used 68925K, committed 69632K, reserved 491520K
  class space    used 9472K, committed 9792K, reserved 425984K
}
Event: 9.690 GC heap after
{Heap after GC invocations=34 (full 0):
 garbage-first heap   total 195584K, used 72164K [0x0000000080000000, 0x0000000100000000)
  region size 1024K, 1 young (1024K), 1 survivors (1024K)
 Metaspace       used 68925K, committed 69632K, reserved 491520K
  class space    used 9472K, committed 9792K, reserved 425984K
}
Event: 10.229 GC heap before
{Heap before GC invocations=34 (full 0):
 garbage-first heap   total 195584K, used 142820K [0x0000000080000000, 0x0000000100000000)
  region size 1024K, 69 young (70656K), 1 survivors (1024K)
 Metaspace       used 72775K, committed 73472K, reserved 491520K
  class space    used 9983K, committed 10304K, reserved 425984K
}
Event: 10.233 GC heap after
{Heap after GC invocations=35 (full 0):
 garbage-first heap   total 195584K, used 76435K [0x0000000080000000, 0x0000000100000000)
  region size 1024K, 5 young (5120K), 5 survivors (5120K)
 Metaspace       used 72775K, committed 73472K, reserved 491520K
  class space    used 9983K, committed 10304K, reserved 425984K
}
Event: 12.650 GC heap before
{Heap before GC invocations=35 (full 0):
 garbage-first heap   total 195584K, used 146067K [0x0000000080000000, 0x0000000100000000)
  region size 1024K, 73 young (74752K), 5 survivors (5120K)
 Metaspace       used 79276K, committed 80000K, reserved 557056K
  class space    used 11065K, committed 11392K, reserved 425984K
}
Event: 12.656 GC heap after
{Heap after GC invocations=36 (full 0):
 garbage-first heap   total 195584K, used 82445K [0x0000000080000000, 0x0000000100000000)
  region size 1024K, 10 young (10240K), 10 survivors (10240K)
 Metaspace       used 79276K, committed 80000K, reserved 557056K
  class space    used 11065K, committed 11392K, reserved 425984K
}
Event: 13.087 GC heap before
{Heap before GC invocations=36 (full 0):
 garbage-first heap   total 195584K, used 149005K [0x0000000080000000, 0x0000000100000000)
  region size 1024K, 76 young (77824K), 10 survivors (10240K)
 Metaspace       used 83385K, committed 84096K, reserved 557056K
  class space    used 11669K, committed 11968K, reserved 425984K
}
Event: 13.092 GC heap after
{Heap after GC invocations=37 (full 0):
 garbage-first heap   total 195584K, used 87139K [0x0000000080000000, 0x0000000100000000)
  region size 1024K, 5 young (5120K), 5 survivors (5120K)
 Metaspace       used 83385K, committed 84096K, reserved 557056K
  class space    used 11669K, committed 11968K, reserved 425984K
}
Event: 16.179 GC heap before
{Heap before GC invocations=37 (full 0):
 garbage-first heap   total 195584K, used 152675K [0x0000000080000000, 0x0000000100000000)
  region size 1024K, 69 young (70656K), 5 survivors (5120K)
 Metaspace       used 85500K, committed 86272K, reserved 557056K
  class space    used 11906K, committed 12288K, reserved 425984K
}
Event: 16.184 GC heap after
{Heap after GC invocations=38 (full 0):
 garbage-first heap   total 195584K, used 92458K [0x0000000080000000, 0x0000000100000000)
  region size 1024K, 9 young (9216K), 9 survivors (9216K)
 Metaspace       used 85500K, committed 86272K, reserved 557056K
  class space    used 11906K, committed 12288K, reserved 425984K
}
Event: 18.402 GC heap before
{Heap before GC invocations=38 (full 0):
 garbage-first heap   total 195584K, used 154922K [0x0000000080000000, 0x0000000100000000)
  region size 1024K, 70 young (71680K), 9 survivors (9216K)
 Metaspace       used 90061K, committed 90816K, reserved 557056K
  class space    used 12513K, committed 12864K, reserved 425984K
}
Event: 18.407 GC heap after
{Heap after GC invocations=39 (full 0):
 garbage-first heap   total 195584K, used 99953K [0x0000000080000000, 0x0000000100000000)
  region size 1024K, 8 young (8192K), 8 survivors (8192K)
 Metaspace       used 90061K, committed 90816K, reserved 557056K
  class space    used 12513K, committed 12864K, reserved 425984K
}
Event: 18.842 GC heap before
{Heap before GC invocations=39 (full 0):
 garbage-first heap   total 195584K, used 155249K [0x0000000080000000, 0x0000000100000000)
  region size 1024K, 63 young (64512K), 8 survivors (8192K)
 Metaspace       used 90987K, committed 91776K, reserved 557056K
  class space    used 12610K, committed 12992K, reserved 425984K
}
Event: 18.848 GC heap after
{Heap after GC invocations=40 (full 0):
 garbage-first heap   total 195584K, used 106613K [0x0000000080000000, 0x0000000100000000)
  region size 1024K, 7 young (7168K), 7 survivors (7168K)
 Metaspace       used 90987K, committed 91776K, reserved 557056K
  class space    used 12610K, committed 12992K, reserved 425984K
}
Event: 19.146 GC heap before
{Heap before GC invocations=41 (full 0):
 garbage-first heap   total 199680K, used 155765K [0x0000000080000000, 0x0000000100000000)
  region size 1024K, 56 young (57344K), 7 survivors (7168K)
 Metaspace       used 91108K, committed 91968K, reserved 557056K
  class space    used 12611K, committed 12992K, reserved 425984K
}
Event: 19.149 GC heap after
{Heap after GC invocations=42 (full 0):
 garbage-first heap   total 199680K, used 109495K [0x0000000080000000, 0x0000000100000000)
  region size 1024K, 4 young (4096K), 4 survivors (4096K)
 Metaspace       used 91108K, committed 91968K, reserved 557056K
  class space    used 12611K, committed 12992K, reserved 425984K
}
Event: 19.187 GC heap before
{Heap before GC invocations=42 (full 0):
 garbage-first heap   total 199680K, used 114615K [0x0000000080000000, 0x0000000100000000)
  region size 1024K, 9 young (9216K), 4 survivors (4096K)
 Metaspace       used 91108K, committed 91968K, reserved 557056K
  class space    used 12611K, committed 12992K, reserved 425984K
}
Event: 19.190 GC heap after
{Heap after GC invocations=43 (full 0):
 garbage-first heap   total 199680K, used 107199K [0x0000000080000000, 0x0000000100000000)
  region size 1024K, 1 young (1024K), 1 survivors (1024K)
 Metaspace       used 91108K, committed 91968K, reserved 557056K
  class space    used 12611K, committed 12992K, reserved 425984K
}
Event: 19.460 GC heap before
{Heap before GC invocations=43 (full 0):
 garbage-first heap   total 199680K, used 177855K [0x0000000080000000, 0x0000000100000000)
  region size 1024K, 55 young (56320K), 1 survivors (1024K)
 Metaspace       used 91215K, committed 92096K, reserved 557056K
  class space    used 12619K, committed 13056K, reserved 425984K
}
Event: 19.463 GC heap after
{Heap after GC invocations=44 (full 0):
 garbage-first heap   total 199680K, used 111241K [0x0000000080000000, 0x0000000100000000)
  region size 1024K, 5 young (5120K), 5 survivors (5120K)
 Metaspace       used 91215K, committed 92096K, reserved 557056K
  class space    used 12619K, committed 13056K, reserved 425984K
}

